<?xml version="1.0" encoding="UTF-8"?>
<testng-results skipped="0" failed="0" ignored="0" total="1" passed="1">
  <reporter-output>
  </reporter-output>
  <suite name="TestSuite" duration-ms="21396" started-at="2022-07-11T15:05:18 IST" finished-at="2022-07-11T15:05:39 IST">
    <groups>
    </groups>
    <test name="ChromeTest" duration-ms="21396" started-at="2022-07-11T15:05:18 IST" finished-at="2022-07-11T15:05:39 IST">
      <class name="com.baseClassObject.baseClass">
        <test-method status="PASS" signature="setup(java.lang.String)[pri:0, instance:com.baseClassObject.baseClass@1fe3806]" name="setup" is-config="true" duration-ms="18970" started-at="2022-07-11T15:05:18 IST" finished-at="2022-07-11T15:05:37 IST">
          <params>
            <param index="0">
              <value>
                <![CDATA[LambdaChrome]]>
              </value>
            </param>
          </params>
          <reporter-output>
          </reporter-output>
        </test-method> <!-- setup -->
        <test-method status="PASS" signature="loadPage()[pri:0, instance:com.baseClassObject.baseClass@1fe3806]" name="loadPage" duration-ms="2374" started-at="2022-07-11T15:05:37 IST" finished-at="2022-07-11T15:05:39 IST">
          <reporter-output>
          </reporter-output>
        </test-method> <!-- loadPage -->
      </class> <!-- com.baseClassObject.baseClass -->
    </test> <!-- ChromeTest -->
  </suite> <!-- TestSuite -->
</testng-results>
